<?xml version="1.0" encoding="UTF-8"?>
<!-- Generated by org.testng.reporters.JUnitReportReporter -->
<testsuite hostname="LAPTOP-0NFICUTO" failures="0" tests="2" name="selenium.grid.GridClass3" time="49.670" errors="0" timestamp="2023-06-08T15:21:50 IST" skipped="0">
  <testcase classname="selenium.grid.GridClass3" name="appleSite" time="30.466"/>
  <system-out/>
  <testcase classname="selenium.grid.GridClass3" name="appleSite" time="19.204"/>
  <system-out/>
</testsuite> <!-- selenium.grid.GridClass3 -->
