<?xml version="1.0" encoding="UTF-8"?>
<!-- Generated by org.testng.reporters.JUnitReportReporter -->
<testsuite hostname="LAPTOP-0NFICUTO" failures="0" tests="1" name="selenium.grid.GridClass2" time="6.988" errors="0" timestamp="2023-06-08T12:51:33 IST" skipped="0">
  <testcase classname="selenium.grid.GridClass2" name="scenario2" time="6.988"/>
  <system-out/>
</testsuite> <!-- selenium.grid.GridClass2 -->
